<?xml version="1.0" encoding="UTF-8"?>
<!-- Generated by org.testng.reporters.JUnitReportReporter -->
<testsuite hostname="DESKTOP-V5N9R93" failures="0" tests="1" name="com.testclasses.LoginTest" time="67.689" errors="0" timestamp="2023-10-18T22:51:31 IST" skipped="0">
  <testcase classname="com.testclasses.LoginTest" name="testUser" time="67.689"/>
  <system-out/>
</testsuite> <!-- com.testclasses.LoginTest -->
