<?xml version="1.0" encoding="UTF-8"?>
<!-- Generated by org.testng.reporters.JUnitReportReporter -->
<testsuite hostname="DESKTOP-V5N9R93" failures="0" tests="1" name="com.testclasses.AdminTest" time="9.277" errors="0" timestamp="2023-10-23T17:00:08 IST" skipped="0">
  <testcase classname="com.testclasses.AdminTest" name="adminTest" time="9.277"/>
  <system-out/>
</testsuite> <!-- com.testclasses.AdminTest -->
