<?xml version="1.0" encoding="UTF-8"?>
<!-- Generated by org.testng.reporters.JUnitReportReporter -->
<testsuite hostname="DESKTOP-V5N9R93" failures="0" tests="1" name="com.testclasses.LoginTest" time="18.311" errors="0" timestamp="2023-10-18T07:49:18 IST" skipped="0">
  <testcase classname="com.testclasses.LoginTest" name="loginTest" time="18.311"/>
  <system-out/>
</testsuite> <!-- com.testclasses.LoginTest -->
