<?xml version="1.0" encoding="UTF-8"?>
<!-- Generated by org.testng.reporters.JUnitReportReporter -->
<testsuite hostname="DESKTOP-V5N9R93" failures="0" tests="1" name="com.testclasses.LoginTest" time="21.778" errors="0" timestamp="2023-10-17T21:55:43 IST" skipped="0">
  <testcase classname="com.testclasses.LoginTest" name="loginTest" time="21.778"/>
  <system-out/>
</testsuite> <!-- com.testclasses.LoginTest -->
